<?xml version="1.0" encoding="UTF-8"?>
<testng-results skipped="0" failed="0" ignored="0" total="1" passed="1">
  <reporter-output>
  </reporter-output>
  <suite name="nopCommerce" duration-ms="39855" started-at="2020-07-30T16:30:26 IST" finished-at="2020-07-30T16:31:06 IST">
    <groups>
    </groups>
    <test name="Test1" duration-ms="39855" started-at="2020-07-30T16:30:26 IST" finished-at="2020-07-30T16:31:06 IST">
      <class name="com.nopcommerce.testCases.TC_LoginTest_001">
        <test-method status="PASS" signature="setup(java.lang.String)[pri:0, instance:com.nopcommerce.testCases.TC_LoginTest_001@17fd0e6]" name="setup" is-config="true" duration-ms="11529" started-at="2020-07-30T16:30:26 IST" finished-at="2020-07-30T16:30:38 IST">
          <params>
            <param index="0">
              <value>
                <![CDATA[chrome]]>
              </value>
            </param>
          </params>
          <reporter-output>
          </reporter-output>
        </test-method> <!-- setup -->
        <test-method status="PASS" signature="loginTest()[pri:0, instance:com.nopcommerce.testCases.TC_LoginTest_001@17fd0e6]" name="loginTest" duration-ms="26206" started-at="2020-07-30T16:30:38 IST" finished-at="2020-07-30T16:31:04 IST">
          <reporter-output>
          </reporter-output>
        </test-method> <!-- loginTest -->
        <test-method status="PASS" signature="tearDown()[pri:0, instance:com.nopcommerce.testCases.TC_LoginTest_001@17fd0e6]" name="tearDown" is-config="true" duration-ms="1531" started-at="2020-07-30T16:31:04 IST" finished-at="2020-07-30T16:31:06 IST">
          <reporter-output>
          </reporter-output>
        </test-method> <!-- tearDown -->
      </class> <!-- com.nopcommerce.testCases.TC_LoginTest_001 -->
    </test> <!-- Test1 -->
  </suite> <!-- nopCommerce -->
</testng-results>
