<?xml version="1.0" encoding="UTF-8"?>
<testng-results ignored="0" total="2" passed="2" failed="0" skipped="0">
  <reporter-output>
  </reporter-output>
  <suite started-at="2018-12-17T14:35:51Z" name="nopCommerce" finished-at="2018-12-17T14:36:39Z" duration-ms="47572">
    <groups>
    </groups>
    <test started-at="2018-12-17T14:35:51Z" name="Test1" finished-at="2018-12-17T14:36:39Z" duration-ms="47572">
      <class name="com.nopcommerce.testCases.TC_LoginTest_001">
        <test-method is-config="true" signature="setup(java.lang.String)[pri:0, instance:com.nopcommerce.testCases.TC_LoginTest_001@f2ff811]" started-at="2018-12-17T14:35:51Z" name="setup" finished-at="2018-12-17T14:35:56Z" duration-ms="5030" status="PASS">
          <params>
            <param index="0">
              <value>
                <![CDATA[chrome]]>
              </value>
            </param>
          </params>
          <reporter-output>
          </reporter-output>
        </test-method> <!-- setup -->
        <test-method signature="loginTest()[pri:0, instance:com.nopcommerce.testCases.TC_LoginTest_001@f2ff811]" started-at="2018-12-17T14:35:56Z" name="loginTest" finished-at="2018-12-17T14:36:12Z" duration-ms="15072" status="PASS">
          <reporter-output>
          </reporter-output>
        </test-method> <!-- loginTest -->
        <test-method is-config="true" signature="tearDown()[pri:0, instance:com.nopcommerce.testCases.TC_LoginTest_001@f2ff811]" started-at="2018-12-17T14:36:12Z" name="tearDown" finished-at="2018-12-17T14:36:12Z" duration-ms="899" status="PASS">
          <reporter-output>
          </reporter-output>
        </test-method> <!-- tearDown -->
      </class> <!-- com.nopcommerce.testCases.TC_LoginTest_001 -->
      <class name="com.nopcommerce.testCases.TC_AddCustomerTest_003">
        <test-method is-config="true" signature="setup(java.lang.String)[pri:0, instance:com.nopcommerce.testCases.TC_AddCustomerTest_003@568ff82]" started-at="2018-12-17T14:36:12Z" name="setup" finished-at="2018-12-17T14:36:15Z" duration-ms="2195" status="PASS">
          <params>
            <param index="0">
              <value>
                <![CDATA[chrome]]>
              </value>
            </param>
          </params>
          <reporter-output>
          </reporter-output>
        </test-method> <!-- setup -->
        <test-method signature="addNewCustomer()[pri:0, instance:com.nopcommerce.testCases.TC_AddCustomerTest_003@568ff82]" started-at="2018-12-17T14:36:15Z" name="addNewCustomer" finished-at="2018-12-17T14:36:38Z" duration-ms="23106" status="PASS">
          <reporter-output>
          </reporter-output>
        </test-method> <!-- addNewCustomer -->
        <test-method is-config="true" signature="tearDown()[pri:0, instance:com.nopcommerce.testCases.TC_AddCustomerTest_003@568ff82]" started-at="2018-12-17T14:36:38Z" name="tearDown" finished-at="2018-12-17T14:36:39Z" duration-ms="859" status="PASS">
          <reporter-output>
          </reporter-output>
        </test-method> <!-- tearDown -->
      </class> <!-- com.nopcommerce.testCases.TC_AddCustomerTest_003 -->
    </test> <!-- Test1 -->
  </suite> <!-- nopCommerce -->
</testng-results>
